<?xml version="1.0" encoding="UTF-8"?>
<!-- Generated by org.testng.reporters.JUnitReportReporter -->
<testsuite hostname="LAPTOP-07LHQ57O" failures="0" tests="1" name="abc.D1" time="0.016" errors="0" timestamp="02 Jan 2019 18:42:57 GMT" skipped="0">
  <testcase classname="abc.D1" name="clickOnShirt" time="0.016"/>
</testsuite> <!-- abc.D1 -->
